\BOOKMARK [0][-]{chapter*.1}{Abstract}{}% 1
\BOOKMARK [0][-]{chapter*.2}{Acknowledgments}{}% 2
\BOOKMARK [0][-]{chapter*.2}{Contents}{}% 3
\BOOKMARK [0][-]{chapter*.4}{Abbreviations}{}% 4
\BOOKMARK [0][-]{chapter*.4}{List of Figures}{}% 5
\BOOKMARK [0][-]{chapter.1}{Project Concept}{}% 6
\BOOKMARK [1][-]{section.1.1}{Summary}{chapter.1}% 7
\BOOKMARK [1][-]{section.1.2}{Motivation}{chapter.1}% 8
\BOOKMARK [1][-]{section.1.3}{Users and Benefits}{chapter.1}% 9
\BOOKMARK [1][-]{section.1.4}{Typical Usage}{chapter.1}% 10
\BOOKMARK [1][-]{section.1.5}{Main Challenges}{chapter.1}% 11
\BOOKMARK [0][-]{chapter.2}{Requirements Specification}{}% 12
\BOOKMARK [1][-]{section.2.1}{System Description}{chapter.2}% 13
\BOOKMARK [2][-]{subsection.2.1.1}{Perspective}{section.2.1}% 14
\BOOKMARK [2][-]{subsection.2.1.2}{Functions}{section.2.1}% 15
\BOOKMARK [1][-]{section.2.2}{Requirements}{chapter.2}% 16
\BOOKMARK [2][-]{subsection.2.2.1}{General}{section.2.2}% 17
\BOOKMARK [2][-]{subsection.2.2.2}{Authentication}{section.2.2}% 18
\BOOKMARK [2][-]{subsection.2.2.3}{Reporting}{section.2.2}% 19
\BOOKMARK [0][-]{chapter.3}{Design Specification}{}% 20
\BOOKMARK [1][-]{section.3.1}{System Architecture}{chapter.3}% 21
\BOOKMARK [1][-]{section.3.2}{Detailed Design}{chapter.3}% 22
\BOOKMARK [0][-]{chapter.4}{System Manual}{}% 23
\BOOKMARK [1][-]{section.4.1}{Installation and Usage}{chapter.4}% 24
\BOOKMARK [1][-]{section.4.2}{Implementation Overview}{chapter.4}% 25
\BOOKMARK [1][-]{section.4.3}{Feature List}{chapter.4}% 26
\BOOKMARK [1][-]{section.4.4}{Test Results}{chapter.4}% 27
\BOOKMARK [0][-]{appendix.A}{hello.java}{}% 28
